2021-02-22 10:56:48.850 [main-36] INFO  com.abcnull.util.PropertiesReader.readProperties - 读取项目配置文件
2021-02-22 10:56:58.982 [TestNG-tests-2-26] INFO  com.abcnull.listener.TestLogListener.onStart - ====================abcnull测试开始====================
2021-02-22 10:56:58.982 [TestNG-tests-1-26] INFO  com.abcnull.listener.TestLogListener.onStart - ====================百度测试开始====================
2021-02-22 10:56:58.989 [TestNG-tests-1-91] ERROR com.abcnull.util.RedisUtil.initJedis - 从连接池中生成一个新的连接失败！
2021-02-22 10:56:58.989 [TestNG-tests-2-91] ERROR com.abcnull.util.RedisUtil.initJedis - 从连接池中生成一个新的连接失败！
2021-02-22 10:57:24.082 [TestNG-tests-2-72] INFO  com.abcnull.listener.TestLogListener.onTestSkipped - ========com.abcnull.testcase.AbcnullTest.testSearch跳过测试========
2021-02-22 10:57:29.080 [TestNG-tests-1-72] INFO  com.abcnull.listener.TestLogListener.onTestSkipped - ========com.abcnull.testcase.BaiduTest.testSearch跳过测试========
2021-02-22 10:57:44.120 [TestNG-tests-2-83] INFO  com.abcnull.listener.TestLogListener.onFinish - ====================abcnull测试结束====================
2021-02-22 10:57:49.103 [TestNG-tests-1-83] INFO  com.abcnull.listener.TestLogListener.onFinish - ====================百度测试结束====================
2021-02-22 10:57:49.107 [main-53] INFO  com.abcnull.listener.ExtentTestReporterListener.generateReport - 开始产生 extentreports 测试报告
2021-02-22 10:57:59.450 [main-98] INFO  com.abcnull.listener.TestReportListener.generateReport - 开始产生 BeautifulReport 测试报告
2021-02-22 18:00:46.876 [main-36] INFO  com.abcnull.util.PropertiesReader.readProperties - 读取项目配置文件
2021-02-22 18:00:46.888 [main-59] INFO  com.abcnull.util.RedisUtil.initJedisPool - 开始初始化 redis 连接池
2021-02-22 18:00:46.888 [main-67] ERROR com.abcnull.util.RedisUtil.initJedisPool - redis 连接池生成失败！
2021-02-22 18:00:46.899 [main-91] ERROR com.abcnull.util.RedisUtil.initJedis - 从连接池中生成一个新的连接失败！
2021-02-22 18:03:50.813 [main-36] INFO  com.abcnull.util.PropertiesReader.readProperties - 读取项目配置文件
2021-02-22 18:03:50.824 [main-59] INFO  com.abcnull.util.RedisUtil.initJedisPool - 开始初始化 redis 连接池
2021-02-22 18:03:50.825 [main-67] ERROR com.abcnull.util.RedisUtil.initJedisPool - redis 连接池生成失败！
2021-02-22 18:03:50.836 [main-91] ERROR com.abcnull.util.RedisUtil.initJedis - 从连接池中生成一个新的连接失败！
2021-02-22 18:15:06.432 [main-36] INFO  com.abcnull.util.PropertiesReader.readProperties - 读取项目配置文件
2021-02-22 18:15:06.447 [main-59] INFO  com.abcnull.util.RedisUtil.initJedisPool - 开始初始化 redis 连接池
2021-02-22 18:15:06.447 [main-67] ERROR com.abcnull.util.RedisUtil.initJedisPool - redis 连接池生成失败！
2021-02-22 18:15:06.459 [main-91] ERROR com.abcnull.util.RedisUtil.initJedis - 从连接池中生成一个新的连接失败！
2021-02-22 18:36:19.471 [main-36] INFO  com.abcnull.util.PropertiesReader.readProperties - 读取项目配置文件
2021-02-22 18:36:19.485 [main-59] INFO  com.abcnull.util.RedisUtil.initJedisPool - 开始初始化 redis 连接池
2021-02-22 18:36:19.486 [main-67] ERROR com.abcnull.util.RedisUtil.initJedisPool - redis 连接池生成失败！
2021-02-22 18:36:19.497 [main-91] ERROR com.abcnull.util.RedisUtil.initJedis - 从连接池中生成一个新的连接失败！
2021-02-22 18:40:01.825 [main-36] INFO  com.abcnull.util.PropertiesReader.readProperties - 读取项目配置文件
2021-02-22 18:40:01.836 [main-59] INFO  com.abcnull.util.RedisUtil.initJedisPool - 开始初始化 redis 连接池
2021-02-22 18:40:01.836 [main-67] ERROR com.abcnull.util.RedisUtil.initJedisPool - redis 连接池生成失败！
2021-02-22 18:40:01.847 [main-91] ERROR com.abcnull.util.RedisUtil.initJedis - 从连接池中生成一个新的连接失败！
2021-02-22 18:41:52.656 [main-36] INFO  com.abcnull.util.PropertiesReader.readProperties - 读取项目配置文件
2021-02-22 18:41:52.668 [main-59] INFO  com.abcnull.util.RedisUtil.initJedisPool - 开始初始化 redis 连接池
2021-02-22 18:41:52.668 [main-67] ERROR com.abcnull.util.RedisUtil.initJedisPool - redis 连接池生成失败！
2021-02-22 18:41:52.680 [main-91] ERROR com.abcnull.util.RedisUtil.initJedis - 从连接池中生成一个新的连接失败！
2021-02-22 18:42:51.732 [main-36] INFO  com.abcnull.util.PropertiesReader.readProperties - 读取项目配置文件
2021-02-22 18:42:51.743 [main-59] INFO  com.abcnull.util.RedisUtil.initJedisPool - 开始初始化 redis 连接池
2021-02-22 18:42:51.743 [main-67] ERROR com.abcnull.util.RedisUtil.initJedisPool - redis 连接池生成失败！
2021-02-22 18:42:51.756 [main-91] ERROR com.abcnull.util.RedisUtil.initJedis - 从连接池中生成一个新的连接失败！
2021-02-22 18:46:35.026 [main-36] INFO  com.abcnull.util.PropertiesReader.readProperties - 读取项目配置文件
2021-02-22 18:46:35.045 [main-59] INFO  com.abcnull.util.RedisUtil.initJedisPool - 开始初始化 redis 连接池
2021-02-22 18:46:35.046 [main-67] ERROR com.abcnull.util.RedisUtil.initJedisPool - redis 连接池生成失败！
2021-02-22 18:46:35.062 [main-91] ERROR com.abcnull.util.RedisUtil.initJedis - 从连接池中生成一个新的连接失败！
2021-02-22 18:47:35.823 [main-36] INFO  com.abcnull.util.PropertiesReader.readProperties - 读取项目配置文件
2021-02-22 18:47:35.835 [main-59] INFO  com.abcnull.util.RedisUtil.initJedisPool - 开始初始化 redis 连接池
2021-02-22 18:47:35.835 [main-67] ERROR com.abcnull.util.RedisUtil.initJedisPool - redis 连接池生成失败！
2021-02-22 18:47:35.847 [main-91] ERROR com.abcnull.util.RedisUtil.initJedis - 从连接池中生成一个新的连接失败！
2021-02-22 18:48:55.048 [main-36] INFO  com.abcnull.util.PropertiesReader.readProperties - 读取项目配置文件
2021-02-22 18:48:55.061 [main-59] INFO  com.abcnull.util.RedisUtil.initJedisPool - 开始初始化 redis 连接池
2021-02-22 18:48:55.061 [main-67] ERROR com.abcnull.util.RedisUtil.initJedisPool - redis 连接池生成失败！
2021-02-22 18:48:55.074 [main-91] ERROR com.abcnull.util.RedisUtil.initJedis - 从连接池中生成一个新的连接失败！
2021-02-22 18:49:20.944 [main-143] INFO  com.abcnull.basetest.BaseDriver.closeBrowser - chrome浏览器已成功关闭！
2021-02-22 18:51:39.075 [main-36] INFO  com.abcnull.util.PropertiesReader.readProperties - 读取项目配置文件
2021-02-22 18:51:39.086 [main-59] INFO  com.abcnull.util.RedisUtil.initJedisPool - 开始初始化 redis 连接池
2021-02-22 18:51:39.086 [main-67] ERROR com.abcnull.util.RedisUtil.initJedisPool - redis 连接池生成失败！
2021-02-22 18:51:39.100 [main-91] ERROR com.abcnull.util.RedisUtil.initJedis - 从连接池中生成一个新的连接失败！
2021-02-22 18:52:04.522 [main-143] INFO  com.abcnull.basetest.BaseDriver.closeBrowser - chrome浏览器已成功关闭！
2021-02-22 19:22:09.619 [main-36] INFO  com.abcnull.util.PropertiesReader.readProperties - 读取项目配置文件
2021-02-22 19:22:09.635 [main-59] INFO  com.abcnull.util.RedisUtil.initJedisPool - 开始初始化 redis 连接池
2021-02-22 19:22:09.635 [main-67] ERROR com.abcnull.util.RedisUtil.initJedisPool - redis 连接池生成失败！
2021-02-22 19:22:09.654 [TestNG-tests-1-91] ERROR com.abcnull.util.RedisUtil.initJedis - 从连接池中生成一个新的连接失败！
2021-02-22 19:22:35.133 [TestNG-tests-1-143] INFO  com.abcnull.basetest.BaseDriver.closeBrowser - chrome浏览器已成功关闭！
2021-02-22 19:29:17.173 [main-36] INFO  com.abcnull.util.PropertiesReader.readProperties - 读取项目配置文件
2021-02-22 19:29:17.186 [main-59] INFO  com.abcnull.util.RedisUtil.initJedisPool - 开始初始化 redis 连接池
2021-02-22 19:29:17.186 [main-67] ERROR com.abcnull.util.RedisUtil.initJedisPool - redis 连接池生成失败！
2021-02-22 19:29:17.200 [TestNG-tests-1-91] ERROR com.abcnull.util.RedisUtil.initJedis - 从连接池中生成一个新的连接失败！
2021-02-22 19:29:37.634 [TestNG-tests-1-143] INFO  com.abcnull.basetest.BaseDriver.closeBrowser - chrome浏览器已成功关闭！
2021-02-22 19:32:06.752 [main-36] INFO  com.abcnull.util.PropertiesReader.readProperties - 读取项目配置文件
2021-02-22 19:32:06.766 [main-59] INFO  com.abcnull.util.RedisUtil.initJedisPool - 开始初始化 redis 连接池
2021-02-22 19:32:06.767 [main-67] ERROR com.abcnull.util.RedisUtil.initJedisPool - redis 连接池生成失败！
2021-02-22 19:32:06.784 [TestNG-tests-1-91] ERROR com.abcnull.util.RedisUtil.initJedis - 从连接池中生成一个新的连接失败！
2021-02-22 19:33:40.463 [main-36] INFO  com.abcnull.util.PropertiesReader.readProperties - 读取项目配置文件
2021-02-22 19:33:40.474 [main-59] INFO  com.abcnull.util.RedisUtil.initJedisPool - 开始初始化 redis 连接池
2021-02-22 19:33:40.474 [main-67] ERROR com.abcnull.util.RedisUtil.initJedisPool - redis 连接池生成失败！
2021-02-22 19:33:40.489 [TestNG-tests-1-91] ERROR com.abcnull.util.RedisUtil.initJedis - 从连接池中生成一个新的连接失败！
2021-02-22 19:35:42.467 [main-36] INFO  com.abcnull.util.PropertiesReader.readProperties - 读取项目配置文件
2021-02-22 19:35:42.478 [main-59] INFO  com.abcnull.util.RedisUtil.initJedisPool - 开始初始化 redis 连接池
2021-02-22 19:35:42.478 [main-67] ERROR com.abcnull.util.RedisUtil.initJedisPool - redis 连接池生成失败！
2021-02-22 19:35:42.491 [TestNG-tests-1-91] ERROR com.abcnull.util.RedisUtil.initJedis - 从连接池中生成一个新的连接失败！
2021-02-22 19:37:16.901 [main-36] INFO  com.abcnull.util.PropertiesReader.readProperties - 读取项目配置文件
2021-02-22 19:37:16.912 [main-59] INFO  com.abcnull.util.RedisUtil.initJedisPool - 开始初始化 redis 连接池
2021-02-22 19:37:16.912 [main-67] ERROR com.abcnull.util.RedisUtil.initJedisPool - redis 连接池生成失败！
2021-02-22 19:37:16.925 [TestNG-tests-1-91] ERROR com.abcnull.util.RedisUtil.initJedis - 从连接池中生成一个新的连接失败！
2021-02-22 20:07:35.590 [main-36] INFO  com.abcnull.util.PropertiesReader.readProperties - 读取项目配置文件
2021-02-22 20:07:35.615 [main-59] INFO  com.abcnull.util.RedisUtil.initJedisPool - 开始初始化 redis 连接池
2021-02-22 20:07:35.615 [main-67] ERROR com.abcnull.util.RedisUtil.initJedisPool - redis 连接池生成失败！
2021-02-22 20:07:35.646 [TestNG-tests-1-91] ERROR com.abcnull.util.RedisUtil.initJedis - 从连接池中生成一个新的连接失败！
2021-02-22 20:10:08.926 [main-36] INFO  com.abcnull.util.PropertiesReader.readProperties - 读取项目配置文件
2021-02-22 20:10:08.936 [main-59] INFO  com.abcnull.util.RedisUtil.initJedisPool - 开始初始化 redis 连接池
2021-02-22 20:10:08.936 [main-67] ERROR com.abcnull.util.RedisUtil.initJedisPool - redis 连接池生成失败！
2021-02-22 20:10:08.952 [TestNG-tests-1-91] ERROR com.abcnull.util.RedisUtil.initJedis - 从连接池中生成一个新的连接失败！
2021-02-22 20:10:29.435 [TestNG-tests-1-143] INFO  com.abcnull.basetest.BaseDriver.closeBrowser - chrome浏览器已成功关闭！
2021-02-22 20:13:49.285 [main-36] INFO  com.abcnull.util.PropertiesReader.readProperties - 读取项目配置文件
2021-02-22 20:13:49.297 [main-59] INFO  com.abcnull.util.RedisUtil.initJedisPool - 开始初始化 redis 连接池
2021-02-22 20:13:49.297 [main-67] ERROR com.abcnull.util.RedisUtil.initJedisPool - redis 连接池生成失败！
2021-02-22 20:13:49.312 [TestNG-tests-1-91] ERROR com.abcnull.util.RedisUtil.initJedis - 从连接池中生成一个新的连接失败！
2021-02-22 20:14:09.743 [TestNG-tests-1-143] INFO  com.abcnull.basetest.BaseDriver.closeBrowser - chrome浏览器已成功关闭！
2021-02-22 20:14:50.018 [main-36] INFO  com.abcnull.util.PropertiesReader.readProperties - 读取项目配置文件
2021-02-22 20:14:50.031 [main-59] INFO  com.abcnull.util.RedisUtil.initJedisPool - 开始初始化 redis 连接池
2021-02-22 20:14:50.031 [main-67] ERROR com.abcnull.util.RedisUtil.initJedisPool - redis 连接池生成失败！
2021-02-22 20:14:50.045 [TestNG-tests-1-91] ERROR com.abcnull.util.RedisUtil.initJedis - 从连接池中生成一个新的连接失败！
2021-02-22 20:15:10.506 [TestNG-tests-1-143] INFO  com.abcnull.basetest.BaseDriver.closeBrowser - chrome浏览器已成功关闭！
2021-02-22 20:19:17.839 [main-36] INFO  com.abcnull.util.PropertiesReader.readProperties - 读取项目配置文件
2021-02-22 20:19:17.849 [main-59] INFO  com.abcnull.util.RedisUtil.initJedisPool - 开始初始化 redis 连接池
2021-02-22 20:19:17.850 [main-67] ERROR com.abcnull.util.RedisUtil.initJedisPool - redis 连接池生成失败！
2021-02-22 20:19:17.864 [TestNG-tests-1-91] ERROR com.abcnull.util.RedisUtil.initJedis - 从连接池中生成一个新的连接失败！
2021-02-22 20:19:20.033 [TestNG-tests-1-110] INFO  com.abcnull.basetest.BaseDriver.startBrowser - 浏览器：chrome 成功启动！
2021-02-22 20:19:33.400 [TestNG-tests-1-146] INFO  com.abcnull.basetest.BaseDriver.closeBrowser - chrome浏览器已成功关闭！
2021-02-22 20:20:23.882 [main-36] INFO  com.abcnull.util.PropertiesReader.readProperties - 读取项目配置文件
2021-02-22 20:20:23.892 [main-59] INFO  com.abcnull.util.RedisUtil.initJedisPool - 开始初始化 redis 连接池
2021-02-22 20:20:23.893 [main-67] ERROR com.abcnull.util.RedisUtil.initJedisPool - redis 连接池生成失败！
2021-02-22 20:20:23.908 [TestNG-tests-1-91] ERROR com.abcnull.util.RedisUtil.initJedis - 从连接池中生成一个新的连接失败！
2021-02-22 20:20:26.140 [TestNG-tests-1-110] INFO  com.abcnull.basetest.BaseDriver.startBrowser - 浏览器：chrome 成功启动！
2021-02-22 20:20:36.235 [TestNG-tests-1-42] INFO  com.abcnull.pageobject.page.BaiduPage.enterPage - 跳转进入百度页面
2021-02-22 20:20:36.836 [TestNG-tests-1-52] INFO  com.abcnull.pageobject.page.BaiduPage.search - 搜索
2021-02-22 20:20:37.718 [TestNG-tests-1-52] INFO  com.abcnull.pageobject.page.BaiduPage.search - 搜索
2021-02-22 20:20:41.210 [TestNG-tests-1-146] INFO  com.abcnull.basetest.BaseDriver.closeBrowser - chrome浏览器已成功关闭！
